<?xml version="1.0" encoding="UTF-8"?>
<!-- Generated by org.testng.reporters.JUnitXMLReporter -->
<testsuite ignored="0" hostname="DESKTOP-PM10OF3" failures="8" tests="8" name="Default test" time="82.288" errors="0" timestamp="2022-08-09T14:16:15 IST">
  <testcase classname="io.cucumber.testng.AbstractTestNGCucumberTests" name="runScenario" time="14.901">
    <failure type="org.openqa.selenium.TimeoutException" message="Expected condition failed: waiting for element to be clickable: [[ChromeDriver: chrome on WINDOWS (8c3a29a3f3dcd58327bdb8c75feb8629)] -&amp;gt; xpath: //*[text()=&amp;apos;Co Curricular Achievements&amp;apos;]] (tried for 10 second(s) with 500 milliseconds interval)
Build info: version: &amp;apos;4.3.0&amp;apos;, revision: &amp;apos;a4995e2c09*&amp;apos;
System info: host: &amp;apos;DESKTOP-PM10OF3&amp;apos;, ip: &amp;apos;192.168.1.37&amp;apos;, os.name: &amp;apos;Windows 10&amp;apos;, os.arch: &amp;apos;amd64&amp;apos;, os.version: &amp;apos;10.0&amp;apos;, java.version: &amp;apos;17.0.1&amp;apos;
Driver info: org.openqa.selenium.chrome.ChromeDriver
Capabilities {acceptInsecureCerts: false, browserName: chrome, browserVersion: 104.0.5112.81, chrome: {chromedriverVersion: 104.0.5112.79 (3cf3e8c8a07d..., userDataDir: C:\Users\Acer\AppData\Local...}, goog:chromeOptions: {debuggerAddress: localhost:63537}, networkConnectionEnabled: false, pageLoadStrategy: normal, platformName: WINDOWS, proxy: Proxy(), se:cdp: ws://localhost:63537/devtoo..., se:cdpVersion: 104.0.5112.81, setWindowRect: true, strictFileInteractability: false, timeouts: {implicit: 0, pageLoad: 300000, script: 30000}, unhandledPromptBehavior: dismiss and notify, webauthn:extension:credBlob: true, webauthn:extension:largeBlob: true, webauthn:virtualAuthenticators: true}
Session ID: 8c3a29a3f3dcd58327bdb8c75feb8629">
      <![CDATA[org.openqa.selenium.TimeoutException: Expected condition failed: waiting for element to be clickable: [[ChromeDriver: chrome on WINDOWS (8c3a29a3f3dcd58327bdb8c75feb8629)] -> xpath: //*[text()='Co Curricular Achievements']] (tried for 10 second(s) with 500 milliseconds interval)
Build info: version: '4.3.0', revision: 'a4995e2c09*'
System info: host: 'DESKTOP-PM10OF3', ip: '192.168.1.37', os.name: 'Windows 10', os.arch: 'amd64', os.version: '10.0', java.version: '17.0.1'
Driver info: org.openqa.selenium.chrome.ChromeDriver
Capabilities {acceptInsecureCerts: false, browserName: chrome, browserVersion: 104.0.5112.81, chrome: {chromedriverVersion: 104.0.5112.79 (3cf3e8c8a07d..., userDataDir: C:\Users\Acer\AppData\Local...}, goog:chromeOptions: {debuggerAddress: localhost:63537}, networkConnectionEnabled: false, pageLoadStrategy: normal, platformName: WINDOWS, proxy: Proxy(), se:cdp: ws://localhost:63537/devtoo..., se:cdpVersion: 104.0.5112.81, setWindowRect: true, strictFileInteractability: false, timeouts: {implicit: 0, pageLoad: 300000, script: 30000}, unhandledPromptBehavior: dismiss and notify, webauthn:extension:credBlob: true, webauthn:extension:largeBlob: true, webauthn:virtualAuthenticators: true}
Session ID: 8c3a29a3f3dcd58327bdb8c75feb8629
at org.openqa.selenium.support.ui.WebDriverWait.timeoutException(WebDriverWait.java:87)
at org.openqa.selenium.support.ui.FluentWait.until(FluentWait.java:231)
at utilities.Utilities.waitForElementClickable(Utilities.java:25)
at pagefactory.StudentDashboard.clickcoCurricularAchivDropdown(StudentDashboard.java:28)
at stepdefinition.UploadCertificateTestClass.click_on_co_curricular_achievement_and_click_on_technical_record_button(UploadCertificateTestClass.java:30)
at ✽.click on co-curricular achievement and click on technical record button(file:///C:/Users/Acer/Downloads/MaplogikCucumberScenarios-master/src/test/java/features/uploadCertificate.feature:7)
]]>
    </failure>
  </testcase> <!-- runScenario -->
  <testcase classname="io.cucumber.testng.AbstractTestNGCucumberTests" name="runScenario" time="11.857">
    <failure type="org.openqa.selenium.TimeoutException" message="Expected condition failed: waiting for element to be clickable: [[ChromeDriver: chrome on WINDOWS (8c3a29a3f3dcd58327bdb8c75feb8629)] -&amp;gt; xpath: //*[text()=&amp;apos;Co Curricular Achievements&amp;apos;]] (tried for 10 second(s) with 500 milliseconds interval)
Build info: version: &amp;apos;4.3.0&amp;apos;, revision: &amp;apos;a4995e2c09*&amp;apos;
System info: host: &amp;apos;DESKTOP-PM10OF3&amp;apos;, ip: &amp;apos;192.168.1.37&amp;apos;, os.name: &amp;apos;Windows 10&amp;apos;, os.arch: &amp;apos;amd64&amp;apos;, os.version: &amp;apos;10.0&amp;apos;, java.version: &amp;apos;17.0.1&amp;apos;
Driver info: org.openqa.selenium.chrome.ChromeDriver
Capabilities {acceptInsecureCerts: false, browserName: chrome, browserVersion: 104.0.5112.81, chrome: {chromedriverVersion: 104.0.5112.79 (3cf3e8c8a07d..., userDataDir: C:\Users\Acer\AppData\Local...}, goog:chromeOptions: {debuggerAddress: localhost:63537}, networkConnectionEnabled: false, pageLoadStrategy: normal, platformName: WINDOWS, proxy: Proxy(), se:cdp: ws://localhost:63537/devtoo..., se:cdpVersion: 104.0.5112.81, setWindowRect: true, strictFileInteractability: false, timeouts: {implicit: 0, pageLoad: 300000, script: 30000}, unhandledPromptBehavior: dismiss and notify, webauthn:extension:credBlob: true, webauthn:extension:largeBlob: true, webauthn:virtualAuthenticators: true}
Session ID: 8c3a29a3f3dcd58327bdb8c75feb8629">
      <![CDATA[org.openqa.selenium.TimeoutException: Expected condition failed: waiting for element to be clickable: [[ChromeDriver: chrome on WINDOWS (8c3a29a3f3dcd58327bdb8c75feb8629)] -> xpath: //*[text()='Co Curricular Achievements']] (tried for 10 second(s) with 500 milliseconds interval)
Build info: version: '4.3.0', revision: 'a4995e2c09*'
System info: host: 'DESKTOP-PM10OF3', ip: '192.168.1.37', os.name: 'Windows 10', os.arch: 'amd64', os.version: '10.0', java.version: '17.0.1'
Driver info: org.openqa.selenium.chrome.ChromeDriver
Capabilities {acceptInsecureCerts: false, browserName: chrome, browserVersion: 104.0.5112.81, chrome: {chromedriverVersion: 104.0.5112.79 (3cf3e8c8a07d..., userDataDir: C:\Users\Acer\AppData\Local...}, goog:chromeOptions: {debuggerAddress: localhost:63537}, networkConnectionEnabled: false, pageLoadStrategy: normal, platformName: WINDOWS, proxy: Proxy(), se:cdp: ws://localhost:63537/devtoo..., se:cdpVersion: 104.0.5112.81, setWindowRect: true, strictFileInteractability: false, timeouts: {implicit: 0, pageLoad: 300000, script: 30000}, unhandledPromptBehavior: dismiss and notify, webauthn:extension:credBlob: true, webauthn:extension:largeBlob: true, webauthn:virtualAuthenticators: true}
Session ID: 8c3a29a3f3dcd58327bdb8c75feb8629
at org.openqa.selenium.support.ui.WebDriverWait.timeoutException(WebDriverWait.java:87)
at org.openqa.selenium.support.ui.FluentWait.until(FluentWait.java:231)
at utilities.Utilities.waitForElementClickable(Utilities.java:25)
at pagefactory.StudentDashboard.clickcoCurricularAchivDropdown(StudentDashboard.java:28)
at stepdefinition.UploadCertificateTestClass.click_on_co_curricular_achievement_and_click_on_technical_record_button(UploadCertificateTestClass.java:30)
at ✽.click on co-curricular achievement and click on technical record button(file:///C:/Users/Acer/Downloads/MaplogikCucumberScenarios-master/src/test/java/features/uploadCertificate.feature:7)
]]>
    </failure>
  </testcase> <!-- runScenario -->
  <testcase classname="io.cucumber.testng.AbstractTestNGCucumberTests" name="runScenario" time="12.02">
    <failure type="org.openqa.selenium.TimeoutException" message="Expected condition failed: waiting for element to be clickable: [[ChromeDriver: chrome on WINDOWS (8c3a29a3f3dcd58327bdb8c75feb8629)] -&amp;gt; xpath: //*[text()=&amp;apos;Co Curricular Achievements&amp;apos;]] (tried for 10 second(s) with 500 milliseconds interval)
Build info: version: &amp;apos;4.3.0&amp;apos;, revision: &amp;apos;a4995e2c09*&amp;apos;
System info: host: &amp;apos;DESKTOP-PM10OF3&amp;apos;, ip: &amp;apos;192.168.1.37&amp;apos;, os.name: &amp;apos;Windows 10&amp;apos;, os.arch: &amp;apos;amd64&amp;apos;, os.version: &amp;apos;10.0&amp;apos;, java.version: &amp;apos;17.0.1&amp;apos;
Driver info: org.openqa.selenium.chrome.ChromeDriver
Capabilities {acceptInsecureCerts: false, browserName: chrome, browserVersion: 104.0.5112.81, chrome: {chromedriverVersion: 104.0.5112.79 (3cf3e8c8a07d..., userDataDir: C:\Users\Acer\AppData\Local...}, goog:chromeOptions: {debuggerAddress: localhost:63537}, networkConnectionEnabled: false, pageLoadStrategy: normal, platformName: WINDOWS, proxy: Proxy(), se:cdp: ws://localhost:63537/devtoo..., se:cdpVersion: 104.0.5112.81, setWindowRect: true, strictFileInteractability: false, timeouts: {implicit: 0, pageLoad: 300000, script: 30000}, unhandledPromptBehavior: dismiss and notify, webauthn:extension:credBlob: true, webauthn:extension:largeBlob: true, webauthn:virtualAuthenticators: true}
Session ID: 8c3a29a3f3dcd58327bdb8c75feb8629">
      <![CDATA[org.openqa.selenium.TimeoutException: Expected condition failed: waiting for element to be clickable: [[ChromeDriver: chrome on WINDOWS (8c3a29a3f3dcd58327bdb8c75feb8629)] -> xpath: //*[text()='Co Curricular Achievements']] (tried for 10 second(s) with 500 milliseconds interval)
Build info: version: '4.3.0', revision: 'a4995e2c09*'
System info: host: 'DESKTOP-PM10OF3', ip: '192.168.1.37', os.name: 'Windows 10', os.arch: 'amd64', os.version: '10.0', java.version: '17.0.1'
Driver info: org.openqa.selenium.chrome.ChromeDriver
Capabilities {acceptInsecureCerts: false, browserName: chrome, browserVersion: 104.0.5112.81, chrome: {chromedriverVersion: 104.0.5112.79 (3cf3e8c8a07d..., userDataDir: C:\Users\Acer\AppData\Local...}, goog:chromeOptions: {debuggerAddress: localhost:63537}, networkConnectionEnabled: false, pageLoadStrategy: normal, platformName: WINDOWS, proxy: Proxy(), se:cdp: ws://localhost:63537/devtoo..., se:cdpVersion: 104.0.5112.81, setWindowRect: true, strictFileInteractability: false, timeouts: {implicit: 0, pageLoad: 300000, script: 30000}, unhandledPromptBehavior: dismiss and notify, webauthn:extension:credBlob: true, webauthn:extension:largeBlob: true, webauthn:virtualAuthenticators: true}
Session ID: 8c3a29a3f3dcd58327bdb8c75feb8629
at org.openqa.selenium.support.ui.WebDriverWait.timeoutException(WebDriverWait.java:87)
at org.openqa.selenium.support.ui.FluentWait.until(FluentWait.java:231)
at utilities.Utilities.waitForElementClickable(Utilities.java:25)
at pagefactory.StudentDashboard.clickcoCurricularAchivDropdown(StudentDashboard.java:28)
at stepdefinition.UploadCertificateTestClass.click_on_co_curricular_achievement_and_click_on_technical_record_button(UploadCertificateTestClass.java:30)
at ✽.click on co-curricular achievement and click on technical record button(file:///C:/Users/Acer/Downloads/MaplogikCucumberScenarios-master/src/test/java/features/uploadCertificate.feature:7)
]]>
    </failure>
  </testcase> <!-- runScenario -->
  <testcase classname="io.cucumber.testng.AbstractTestNGCucumberTests" name="runScenario" time="15.261">
    <failure type="java.lang.Exception" message="The Project Participation Maplogik is not uploaded or not present in the list">
      <![CDATA[java.lang.Exception: The Project Participation Maplogik is not uploaded or not present in the list
at pagefactory.AdminTechnicalRecordApproval.approveTechnicalRecord(AdminTechnicalRecordApproval.java:80)
at stepdefinition.ApproveAndVerifyCertificate.find_the_particular_certificate_and_click_approve_button(ApproveAndVerifyCertificate.java:55)
at ✽.find the particular certificate and click approve button(file:///C:/Users/Acer/Downloads/MaplogikCucumberScenarios-master/src/test/java/features/uploadCertificate.feature:22)
]]>
    </failure>
  </testcase> <!-- runScenario -->
  <testcase classname="io.cucumber.testng.AbstractTestNGCucumberTests" name="runScenario" time="13.814">
    <failure type="java.lang.Exception" message="The Project Participation Tradeviv is not uploaded or not present in the list">
      <![CDATA[java.lang.Exception: The Project Participation Tradeviv is not uploaded or not present in the list
at pagefactory.AdminTechnicalRecordApproval.declineTechnicalRecord(AdminTechnicalRecordApproval.java:92)
at stepdefinition.ApproveAndVerifyCertificate.find_the_particular_certificate_and_click_decline_button(ApproveAndVerifyCertificate.java:66)
at ✽.find the particular certificate and click decline button(file:///C:/Users/Acer/Downloads/MaplogikCucumberScenarios-master/src/test/java/features/uploadCertificate.feature:30)
]]>
    </failure>
  </testcase> <!-- runScenario -->
  <testcase classname="io.cucumber.testng.AbstractTestNGCucumberTests" name="runScenario" time="3.543">
    <failure type="java.lang.AssertionError" message="expected [3VITSC0701] but found [null]">
      <![CDATA[java.lang.AssertionError: expected [3VITSC0701] but found [null]
at org.testng.Assert.fail(Assert.java:110)
at org.testng.Assert.failNotEquals(Assert.java:1413)
at org.testng.Assert.assertEqualsImpl(Assert.java:149)
at org.testng.Assert.assertEquals(Assert.java:131)
at org.testng.Assert.assertEquals(Assert.java:655)
at org.testng.Assert.assertEquals(Assert.java:665)
at stepdefinition.ApproveAndVerifyCertificate.verify_whether_the_particular_certificate_is_present(ApproveAndVerifyCertificate.java:76)
at ✽.verify whether the particular certificate is present(file:///C:/Users/Acer/Downloads/MaplogikCucumberScenarios-master/src/test/java/features/uploadCertificate.feature:38)
]]>
    </failure>
  </testcase> <!-- runScenario -->
  <testcase classname="io.cucumber.testng.AbstractTestNGCucumberTests" name="runScenario" time="3.224">
    <failure type="java.lang.AssertionError" message="expected [3VITSC0701] but found [null]">
      <![CDATA[java.lang.AssertionError: expected [3VITSC0701] but found [null]
at org.testng.Assert.fail(Assert.java:110)
at org.testng.Assert.failNotEquals(Assert.java:1413)
at org.testng.Assert.assertEqualsImpl(Assert.java:149)
at org.testng.Assert.assertEquals(Assert.java:131)
at org.testng.Assert.assertEquals(Assert.java:655)
at org.testng.Assert.assertEquals(Assert.java:665)
at stepdefinition.ApproveAndVerifyCertificate.verify_whether_the_particular_certificate_is_present(ApproveAndVerifyCertificate.java:76)
at ✽.verify whether the particular certificate is present(file:///C:/Users/Acer/Downloads/MaplogikCucumberScenarios-master/src/test/java/features/uploadCertificate.feature:46)
]]>
    </failure>
  </testcase> <!-- runScenario -->
  <testcase classname="io.cucumber.testng.AbstractTestNGCucumberTests" name="runScenario" time="3.207">
    <failure type="java.lang.AssertionError" message="expected [3VITSC0701] but found [null]">
      <![CDATA[java.lang.AssertionError: expected [3VITSC0701] but found [null]
at org.testng.Assert.fail(Assert.java:110)
at org.testng.Assert.failNotEquals(Assert.java:1413)
at org.testng.Assert.assertEqualsImpl(Assert.java:149)
at org.testng.Assert.assertEquals(Assert.java:131)
at org.testng.Assert.assertEquals(Assert.java:655)
at org.testng.Assert.assertEquals(Assert.java:665)
at stepdefinition.ApproveAndVerifyCertificate.verify_whether_the_particular_certificate_is_present(ApproveAndVerifyCertificate.java:76)
at ✽.verify whether the particular certificate is present(file:///C:/Users/Acer/Downloads/MaplogikCucumberScenarios-master/src/test/java/features/uploadCertificate.feature:54)
]]>
    </failure>
  </testcase> <!-- runScenario -->
</testsuite> <!-- Default test -->
