<html>
<head>
<title>TestNG:  Default test</title>
<link href="../testng.css" rel="stylesheet" type="text/css" />
<link href="../my-testng.css" rel="stylesheet" type="text/css" />

<style type="text/css">
.log { display: none;} 
.stack-trace { display: none;} 
</style>
<script type="text/javascript">
<!--
function flip(e) {
  current = e.style.display;
  if (current == 'block') {
    e.style.display = 'none';
    return 0;
  }
  else {
    e.style.display = 'block';
    return 1;
  }
}

function toggleBox(szDivId, elem, msg1, msg2)
{
  var res = -1;  if (document.getElementById) {
    res = flip(document.getElementById(szDivId));
  }
  else if (document.all) {
    // this is the way old msie versions work
    res = flip(document.all[szDivId]);
  }
  if(elem) {
    if(res == 0) elem.innerHTML = msg1; else elem.innerHTML = msg2;
  }

}

function toggleAllBoxes() {
  if (document.getElementsByTagName) {
    d = document.getElementsByTagName('div');
    for (i = 0; i < d.length; i++) {
      if (d[i].className == 'log') {
        flip(d[i]);
      }
    }
  }
}

// -->
</script>

</head>
<body>
<h2 align='center'>Default test</h2><table border='1' align="center">
<tr>
<td>Tests passed/Failed/Skipped:</td><td>0/8/0</td>
</tr><tr>
<td>Started on:</td><td>Tue Aug 09 14:14:53 IST 2022</td>
</tr>
<tr><td>Total time:</td><td>82 seconds (82288 ms)</td>
</tr><tr>
<td>Included groups:</td><td></td>
</tr><tr>
<td>Excluded groups:</td><td></td>
</tr>
</table><p/>
<small><i>(Hover the method name to see the test class name)</i></small><p/>
<table width='100%' border='1' class='invocation-failed'>
<tr><td colspan='4' align='center'><b>FAILED TESTS</b></td></tr>
<tr><td><b>Test method</b></td>
<td><b>Attribute(s)</b></td>
<td width="30%"><b>Exception</b></td>
<td width="10%"><b>Time (seconds)</b></td>
<td><b>Instance</b></td>
</tr>
<tr>
<td title='runner.RunnerClass.runScenario()'><b>runScenario</b><br>Test class: runner.RunnerClass<br>Test method: Runs Cucumber Scenarios<br>Parameters: "login as admin and verify the declined technical record", "Login as student and upload three Technical certificates. Login into admin page and aprrove one certificate, decline one certificate."</td>
<td><div><pre>java.lang.AssertionError: expected [3VITSC0701] but found [null]
	at org.testng.Assert.fail(Assert.java:110)
	at org.testng.Assert.failNotEquals(Assert.java:1413)
	at org.testng.Assert.assertEqualsImpl(Assert.java:149)
	at org.testng.Assert.assertEquals(Assert.java:131)
	at org.testng.Assert.assertEquals(Assert.java:655)
	at org.testng.Assert.assertEquals(Assert.java:665)
	at stepdefinition.ApproveAndVerifyCertificate.verify_whether_the_particular_certificate_is_present(ApproveAndVerifyCertificate.java:76)
	at ?.verify whether the particular certificate is present(file:///C:/Users/Acer/Downloads/MaplogikCucumberScenarios-master/src/test/java/features/uploadCertificate.feature:54)
</pre></div><a href='#' onClick='toggleBox("stack-trace217679065", this, "Click to show all stack frames", "Click to hide stack frames")'>Click to show all stack frames</a>
<div class='stack-trace' id='stack-trace217679065'><pre>java.lang.AssertionError: expected [3VITSC0701] but found [null]
	at org.testng.Assert.fail(Assert.java:110)
	at org.testng.Assert.failNotEquals(Assert.java:1413)
	at org.testng.Assert.assertEqualsImpl(Assert.java:149)
	at org.testng.Assert.assertEquals(Assert.java:131)
	at org.testng.Assert.assertEquals(Assert.java:655)
	at org.testng.Assert.assertEquals(Assert.java:665)
	at stepdefinition.ApproveAndVerifyCertificate.verify_whether_the_particular_certificate_is_present(ApproveAndVerifyCertificate.java:76)
	at ?.verify whether the particular certificate is present(file:///C:/Users/Acer/Downloads/MaplogikCucumberScenarios-master/src/test/java/features/uploadCertificate.feature:54)
</pre></div></td>
<td>3</td>
<td>runner.RunnerClass@68c9133c</td></tr>
<tr>
<td title='runner.RunnerClass.runScenario()'><b>runScenario</b><br>Test class: runner.RunnerClass<br>Test method: Runs Cucumber Scenarios<br>Parameters: "login as admin and decline the technical record", "Login as student and upload three Technical certificates. Login into admin page and aprrove one certificate, decline one certificate."</td>
<td><div><pre>java.lang.Exception: The Project Participation Tradeviv is not uploaded or not present in the list
	at pagefactory.AdminTechnicalRecordApproval.declineTechnicalRecord(AdminTechnicalRecordApproval.java:92)
	at stepdefinition.ApproveAndVerifyCertificate.find_the_particular_certificate_and_click_decline_button(ApproveAndVerifyCertificate.java:66)
	at ?.find the particular certificate and click decline button(file:///C:/Users/Acer/Downloads/MaplogikCucumberScenarios-master/src/test/java/features/uploadCertificate.feature:30)
</pre></div><a href='#' onClick='toggleBox("stack-trace1771935420", this, "Click to show all stack frames", "Click to hide stack frames")'>Click to show all stack frames</a>
<div class='stack-trace' id='stack-trace1771935420'><pre>java.lang.Exception: The Project Participation Tradeviv is not uploaded or not present in the list
	at pagefactory.AdminTechnicalRecordApproval.declineTechnicalRecord(AdminTechnicalRecordApproval.java:92)
	at stepdefinition.ApproveAndVerifyCertificate.find_the_particular_certificate_and_click_decline_button(ApproveAndVerifyCertificate.java:66)
	at ?.find the particular certificate and click decline button(file:///C:/Users/Acer/Downloads/MaplogikCucumberScenarios-master/src/test/java/features/uploadCertificate.feature:30)
</pre></div></td>
<td>13</td>
<td>runner.RunnerClass@68c9133c</td></tr>
<tr>
<td title='runner.RunnerClass.runScenario()'><b>runScenario</b><br>Test class: runner.RunnerClass<br>Test method: Runs Cucumber Scenarios<br>Parameters: "login as student with the given id & phone number and upload certificate", "Login as student and upload three Technical certificates. Login into admin page and aprrove one certificate, decline one certificate."</td>
<td><div><pre>org.openqa.selenium.TimeoutException: Expected condition failed: waiting for element to be clickable: [[ChromeDriver: chrome on WINDOWS (8c3a29a3f3dcd58327bdb8c75feb8629)] -&gt; xpath: //*[text()=&apos;Co Curricular Achievements&apos;]] (tried for 10 second(s) with 500 milliseconds interval)
Build info: version: &apos;4.3.0&apos;, revision: &apos;a4995e2c09*&apos;
System info: host: &apos;DESKTOP-PM10OF3&apos;, ip: &apos;192.168.1.37&apos;, os.name: &apos;Windows 10&apos;, os.arch: &apos;amd64&apos;, os.version: &apos;10.0&apos;, java.version: &apos;17.0.1&apos;
Driver info: org.openqa.selenium.chrome.ChromeDriver
Capabilities {acceptInsecureCerts: false, browserName: chrome, browserVersion: 104.0.5112.81, chrome: {chromedriverVersion: 104.0.5112.79 (3cf3e8c8a07d..., userDataDir: C:\Users\Acer\AppData\Local...}, goog:chromeOptions: {debuggerAddress: localhost:63537}, networkConnectionEnabled: false, pageLoadStrategy: normal, platformName: WINDOWS, proxy: Proxy(), se:cdp: ws://localhost:63537/devtoo..., se:cdpVersion: 104.0.5112.81, setWindowRect: true, strictFileInteractability: false, timeouts: {implicit: 0, pageLoad: 300000, script: 30000}, unhandledPromptBehavior: dismiss and notify, webauthn:extension:credBlob: true, webauthn:extension:largeBlob: true, webauthn:virtualAuthenticators: true}
Session ID: 8c3a29a3f3dcd58327bdb8c75feb8629
	at org.openqa.selenium.support.ui.WebDriverWait.timeoutException(WebDriverWait.java:87)
	at org.openqa.selenium.support.ui.FluentWait.until(FluentWait.java:231)
	at utilities.Utilities.waitForElementClickable(Utilities.java:25)
	at pagefactory.StudentDashboard.clickcoCurricularAchivDropdown(StudentDashboard.java:28)
	at stepdefinition.UploadCertificateTestClass.click_on_co_curricular_achievement_and_click_on_technical_record_button(UploadCertificateTestClass.java:30)
	at ?.click on co-curricular achievement and click on technical record button(file:///C:/Users/Acer/Downloads/MaplogikCucumberScenarios-master/src/test/java/features/uploadCertificate.feature:7)
</pre></div><a href='#' onClick='toggleBox("stack-trace1358820431", this, "Click to show all stack frames", "Click to hide stack frames")'>Click to show all stack frames</a>
<div class='stack-trace' id='stack-trace1358820431'><pre>org.openqa.selenium.TimeoutException: Expected condition failed: waiting for element to be clickable: [[ChromeDriver: chrome on WINDOWS (8c3a29a3f3dcd58327bdb8c75feb8629)] -&gt; xpath: //*[text()=&apos;Co Curricular Achievements&apos;]] (tried for 10 second(s) with 500 milliseconds interval)
Build info: version: &apos;4.3.0&apos;, revision: &apos;a4995e2c09*&apos;
System info: host: &apos;DESKTOP-PM10OF3&apos;, ip: &apos;192.168.1.37&apos;, os.name: &apos;Windows 10&apos;, os.arch: &apos;amd64&apos;, os.version: &apos;10.0&apos;, java.version: &apos;17.0.1&apos;
Driver info: org.openqa.selenium.chrome.ChromeDriver
Capabilities {acceptInsecureCerts: false, browserName: chrome, browserVersion: 104.0.5112.81, chrome: {chromedriverVersion: 104.0.5112.79 (3cf3e8c8a07d..., userDataDir: C:\Users\Acer\AppData\Local...}, goog:chromeOptions: {debuggerAddress: localhost:63537}, networkConnectionEnabled: false, pageLoadStrategy: normal, platformName: WINDOWS, proxy: Proxy(), se:cdp: ws://localhost:63537/devtoo..., se:cdpVersion: 104.0.5112.81, setWindowRect: true, strictFileInteractability: false, timeouts: {implicit: 0, pageLoad: 300000, script: 30000}, unhandledPromptBehavior: dismiss and notify, webauthn:extension:credBlob: true, webauthn:extension:largeBlob: true, webauthn:virtualAuthenticators: true}
Session ID: 8c3a29a3f3dcd58327bdb8c75feb8629
	at org.openqa.selenium.support.ui.WebDriverWait.timeoutException(WebDriverWait.java:87)
	at org.openqa.selenium.support.ui.FluentWait.until(FluentWait.java:231)
	at utilities.Utilities.waitForElementClickable(Utilities.java:25)
	at pagefactory.StudentDashboard.clickcoCurricularAchivDropdown(StudentDashboard.java:28)
	at stepdefinition.UploadCertificateTestClass.click_on_co_curricular_achievement_and_click_on_technical_record_button(UploadCertificateTestClass.java:30)
	at ?.click on co-curricular achievement and click on technical record button(file:///C:/Users/Acer/Downloads/MaplogikCucumberScenarios-master/src/test/java/features/uploadCertificate.feature:7)
</pre></div></td>
<td>14</td>
<td>runner.RunnerClass@68c9133c</td></tr>
<tr>
<td title='runner.RunnerClass.runScenario()'><b>runScenario</b><br>Test class: runner.RunnerClass<br>Test method: Runs Cucumber Scenarios<br>Parameters: "login as admin and approve the technical record", "Login as student and upload three Technical certificates. Login into admin page and aprrove one certificate, decline one certificate."</td>
<td><div><pre>java.lang.Exception: The Project Participation Maplogik is not uploaded or not present in the list
	at pagefactory.AdminTechnicalRecordApproval.approveTechnicalRecord(AdminTechnicalRecordApproval.java:80)
	at stepdefinition.ApproveAndVerifyCertificate.find_the_particular_certificate_and_click_approve_button(ApproveAndVerifyCertificate.java:55)
	at ?.find the particular certificate and click approve button(file:///C:/Users/Acer/Downloads/MaplogikCucumberScenarios-master/src/test/java/features/uploadCertificate.feature:22)
</pre></div><a href='#' onClick='toggleBox("stack-trace2121560119", this, "Click to show all stack frames", "Click to hide stack frames")'>Click to show all stack frames</a>
<div class='stack-trace' id='stack-trace2121560119'><pre>java.lang.Exception: The Project Participation Maplogik is not uploaded or not present in the list
	at pagefactory.AdminTechnicalRecordApproval.approveTechnicalRecord(AdminTechnicalRecordApproval.java:80)
	at stepdefinition.ApproveAndVerifyCertificate.find_the_particular_certificate_and_click_approve_button(ApproveAndVerifyCertificate.java:55)
	at ?.find the particular certificate and click approve button(file:///C:/Users/Acer/Downloads/MaplogikCucumberScenarios-master/src/test/java/features/uploadCertificate.feature:22)
</pre></div></td>
<td>15</td>
<td>runner.RunnerClass@68c9133c</td></tr>
<tr>
<td title='runner.RunnerClass.runScenario()'><b>runScenario</b><br>Test class: runner.RunnerClass<br>Test method: Runs Cucumber Scenarios<br>Parameters: "login as admin and verify the pending technical record", "Login as student and upload three Technical certificates. Login into admin page and aprrove one certificate, decline one certificate."</td>
<td><div><pre>java.lang.AssertionError: expected [3VITSC0701] but found [null]
	at org.testng.Assert.fail(Assert.java:110)
	at org.testng.Assert.failNotEquals(Assert.java:1413)
	at org.testng.Assert.assertEqualsImpl(Assert.java:149)
	at org.testng.Assert.assertEquals(Assert.java:131)
	at org.testng.Assert.assertEquals(Assert.java:655)
	at org.testng.Assert.assertEquals(Assert.java:665)
	at stepdefinition.ApproveAndVerifyCertificate.verify_whether_the_particular_certificate_is_present(ApproveAndVerifyCertificate.java:76)
	at ?.verify whether the particular certificate is present(file:///C:/Users/Acer/Downloads/MaplogikCucumberScenarios-master/src/test/java/features/uploadCertificate.feature:38)
</pre></div><a href='#' onClick='toggleBox("stack-trace2050376675", this, "Click to show all stack frames", "Click to hide stack frames")'>Click to show all stack frames</a>
<div class='stack-trace' id='stack-trace2050376675'><pre>java.lang.AssertionError: expected [3VITSC0701] but found [null]
	at org.testng.Assert.fail(Assert.java:110)
	at org.testng.Assert.failNotEquals(Assert.java:1413)
	at org.testng.Assert.assertEqualsImpl(Assert.java:149)
	at org.testng.Assert.assertEquals(Assert.java:131)
	at org.testng.Assert.assertEquals(Assert.java:655)
	at org.testng.Assert.assertEquals(Assert.java:665)
	at stepdefinition.ApproveAndVerifyCertificate.verify_whether_the_particular_certificate_is_present(ApproveAndVerifyCertificate.java:76)
	at ?.verify whether the particular certificate is present(file:///C:/Users/Acer/Downloads/MaplogikCucumberScenarios-master/src/test/java/features/uploadCertificate.feature:38)
</pre></div></td>
<td>3</td>
<td>runner.RunnerClass@68c9133c</td></tr>
<tr>
<td title='runner.RunnerClass.runScenario()'><b>runScenario</b><br>Test class: runner.RunnerClass<br>Test method: Runs Cucumber Scenarios<br>Parameters: "login as admin and verify the approved technical record", "Login as student and upload three Technical certificates. Login into admin page and aprrove one certificate, decline one certificate."</td>
<td><div><pre>java.lang.AssertionError: expected [3VITSC0701] but found [null]
	at org.testng.Assert.fail(Assert.java:110)
	at org.testng.Assert.failNotEquals(Assert.java:1413)
	at org.testng.Assert.assertEqualsImpl(Assert.java:149)
	at org.testng.Assert.assertEquals(Assert.java:131)
	at org.testng.Assert.assertEquals(Assert.java:655)
	at org.testng.Assert.assertEquals(Assert.java:665)
	at stepdefinition.ApproveAndVerifyCertificate.verify_whether_the_particular_certificate_is_present(ApproveAndVerifyCertificate.java:76)
	at ?.verify whether the particular certificate is present(file:///C:/Users/Acer/Downloads/MaplogikCucumberScenarios-master/src/test/java/features/uploadCertificate.feature:46)
</pre></div><a href='#' onClick='toggleBox("stack-trace1766431855", this, "Click to show all stack frames", "Click to hide stack frames")'>Click to show all stack frames</a>
<div class='stack-trace' id='stack-trace1766431855'><pre>java.lang.AssertionError: expected [3VITSC0701] but found [null]
	at org.testng.Assert.fail(Assert.java:110)
	at org.testng.Assert.failNotEquals(Assert.java:1413)
	at org.testng.Assert.assertEqualsImpl(Assert.java:149)
	at org.testng.Assert.assertEquals(Assert.java:131)
	at org.testng.Assert.assertEquals(Assert.java:655)
	at org.testng.Assert.assertEquals(Assert.java:665)
	at stepdefinition.ApproveAndVerifyCertificate.verify_whether_the_particular_certificate_is_present(ApproveAndVerifyCertificate.java:76)
	at ?.verify whether the particular certificate is present(file:///C:/Users/Acer/Downloads/MaplogikCucumberScenarios-master/src/test/java/features/uploadCertificate.feature:46)
</pre></div></td>
<td>3</td>
<td>runner.RunnerClass@68c9133c</td></tr>
<tr>
<td title='runner.RunnerClass.runScenario()'><b>runScenario</b><br>Test class: runner.RunnerClass<br>Test method: Runs Cucumber Scenarios<br>Parameters: "login as student with the given id & phone number and upload certificate", "Login as student and upload three Technical certificates. Login into admin page and aprrove one certificate, decline one certificate."</td>
<td><div><pre>org.openqa.selenium.TimeoutException: Expected condition failed: waiting for element to be clickable: [[ChromeDriver: chrome on WINDOWS (8c3a29a3f3dcd58327bdb8c75feb8629)] -&gt; xpath: //*[text()=&apos;Co Curricular Achievements&apos;]] (tried for 10 second(s) with 500 milliseconds interval)
Build info: version: &apos;4.3.0&apos;, revision: &apos;a4995e2c09*&apos;
System info: host: &apos;DESKTOP-PM10OF3&apos;, ip: &apos;192.168.1.37&apos;, os.name: &apos;Windows 10&apos;, os.arch: &apos;amd64&apos;, os.version: &apos;10.0&apos;, java.version: &apos;17.0.1&apos;
Driver info: org.openqa.selenium.chrome.ChromeDriver
Capabilities {acceptInsecureCerts: false, browserName: chrome, browserVersion: 104.0.5112.81, chrome: {chromedriverVersion: 104.0.5112.79 (3cf3e8c8a07d..., userDataDir: C:\Users\Acer\AppData\Local...}, goog:chromeOptions: {debuggerAddress: localhost:63537}, networkConnectionEnabled: false, pageLoadStrategy: normal, platformName: WINDOWS, proxy: Proxy(), se:cdp: ws://localhost:63537/devtoo..., se:cdpVersion: 104.0.5112.81, setWindowRect: true, strictFileInteractability: false, timeouts: {implicit: 0, pageLoad: 300000, script: 30000}, unhandledPromptBehavior: dismiss and notify, webauthn:extension:credBlob: true, webauthn:extension:largeBlob: true, webauthn:virtualAuthenticators: true}
Session ID: 8c3a29a3f3dcd58327bdb8c75feb8629
	at org.openqa.selenium.support.ui.WebDriverWait.timeoutException(WebDriverWait.java:87)
	at org.openqa.selenium.support.ui.FluentWait.until(FluentWait.java:231)
	at utilities.Utilities.waitForElementClickable(Utilities.java:25)
	at pagefactory.StudentDashboard.clickcoCurricularAchivDropdown(StudentDashboard.java:28)
	at stepdefinition.UploadCertificateTestClass.click_on_co_curricular_achievement_and_click_on_technical_record_button(UploadCertificateTestClass.java:30)
	at ?.click on co-curricular achievement and click on technical record button(file:///C:/Users/Acer/Downloads/MaplogikCucumberScenarios-master/src/test/java/features/uploadCertificate.feature:7)
</pre></div><a href='#' onClick='toggleBox("stack-trace831003298", this, "Click to show all stack frames", "Click to hide stack frames")'>Click to show all stack frames</a>
<div class='stack-trace' id='stack-trace831003298'><pre>org.openqa.selenium.TimeoutException: Expected condition failed: waiting for element to be clickable: [[ChromeDriver: chrome on WINDOWS (8c3a29a3f3dcd58327bdb8c75feb8629)] -&gt; xpath: //*[text()=&apos;Co Curricular Achievements&apos;]] (tried for 10 second(s) with 500 milliseconds interval)
Build info: version: &apos;4.3.0&apos;, revision: &apos;a4995e2c09*&apos;
System info: host: &apos;DESKTOP-PM10OF3&apos;, ip: &apos;192.168.1.37&apos;, os.name: &apos;Windows 10&apos;, os.arch: &apos;amd64&apos;, os.version: &apos;10.0&apos;, java.version: &apos;17.0.1&apos;
Driver info: org.openqa.selenium.chrome.ChromeDriver
Capabilities {acceptInsecureCerts: false, browserName: chrome, browserVersion: 104.0.5112.81, chrome: {chromedriverVersion: 104.0.5112.79 (3cf3e8c8a07d..., userDataDir: C:\Users\Acer\AppData\Local...}, goog:chromeOptions: {debuggerAddress: localhost:63537}, networkConnectionEnabled: false, pageLoadStrategy: normal, platformName: WINDOWS, proxy: Proxy(), se:cdp: ws://localhost:63537/devtoo..., se:cdpVersion: 104.0.5112.81, setWindowRect: true, strictFileInteractability: false, timeouts: {implicit: 0, pageLoad: 300000, script: 30000}, unhandledPromptBehavior: dismiss and notify, webauthn:extension:credBlob: true, webauthn:extension:largeBlob: true, webauthn:virtualAuthenticators: true}
Session ID: 8c3a29a3f3dcd58327bdb8c75feb8629
	at org.openqa.selenium.support.ui.WebDriverWait.timeoutException(WebDriverWait.java:87)
	at org.openqa.selenium.support.ui.FluentWait.until(FluentWait.java:231)
	at utilities.Utilities.waitForElementClickable(Utilities.java:25)
	at pagefactory.StudentDashboard.clickcoCurricularAchivDropdown(StudentDashboard.java:28)
	at stepdefinition.UploadCertificateTestClass.click_on_co_curricular_achievement_and_click_on_technical_record_button(UploadCertificateTestClass.java:30)
	at ?.click on co-curricular achievement and click on technical record button(file:///C:/Users/Acer/Downloads/MaplogikCucumberScenarios-master/src/test/java/features/uploadCertificate.feature:7)
</pre></div></td>
<td>12</td>
<td>runner.RunnerClass@68c9133c</td></tr>
<tr>
<td title='runner.RunnerClass.runScenario()'><b>runScenario</b><br>Test class: runner.RunnerClass<br>Test method: Runs Cucumber Scenarios<br>Parameters: "login as student with the given id & phone number and upload certificate", "Login as student and upload three Technical certificates. Login into admin page and aprrove one certificate, decline one certificate."</td>
<td><div><pre>org.openqa.selenium.TimeoutException: Expected condition failed: waiting for element to be clickable: [[ChromeDriver: chrome on WINDOWS (8c3a29a3f3dcd58327bdb8c75feb8629)] -&gt; xpath: //*[text()=&apos;Co Curricular Achievements&apos;]] (tried for 10 second(s) with 500 milliseconds interval)
Build info: version: &apos;4.3.0&apos;, revision: &apos;a4995e2c09*&apos;
System info: host: &apos;DESKTOP-PM10OF3&apos;, ip: &apos;192.168.1.37&apos;, os.name: &apos;Windows 10&apos;, os.arch: &apos;amd64&apos;, os.version: &apos;10.0&apos;, java.version: &apos;17.0.1&apos;
Driver info: org.openqa.selenium.chrome.ChromeDriver
Capabilities {acceptInsecureCerts: false, browserName: chrome, browserVersion: 104.0.5112.81, chrome: {chromedriverVersion: 104.0.5112.79 (3cf3e8c8a07d..., userDataDir: C:\Users\Acer\AppData\Local...}, goog:chromeOptions: {debuggerAddress: localhost:63537}, networkConnectionEnabled: false, pageLoadStrategy: normal, platformName: WINDOWS, proxy: Proxy(), se:cdp: ws://localhost:63537/devtoo..., se:cdpVersion: 104.0.5112.81, setWindowRect: true, strictFileInteractability: false, timeouts: {implicit: 0, pageLoad: 300000, script: 30000}, unhandledPromptBehavior: dismiss and notify, webauthn:extension:credBlob: true, webauthn:extension:largeBlob: true, webauthn:virtualAuthenticators: true}
Session ID: 8c3a29a3f3dcd58327bdb8c75feb8629
	at org.openqa.selenium.support.ui.WebDriverWait.timeoutException(WebDriverWait.java:87)
	at org.openqa.selenium.support.ui.FluentWait.until(FluentWait.java:231)
	at utilities.Utilities.waitForElementClickable(Utilities.java:25)
	at pagefactory.StudentDashboard.clickcoCurricularAchivDropdown(StudentDashboard.java:28)
	at stepdefinition.UploadCertificateTestClass.click_on_co_curricular_achievement_and_click_on_technical_record_button(UploadCertificateTestClass.java:30)
	at ?.click on co-curricular achievement and click on technical record button(file:///C:/Users/Acer/Downloads/MaplogikCucumberScenarios-master/src/test/java/features/uploadCertificate.feature:7)
</pre></div><a href='#' onClick='toggleBox("stack-trace511094763", this, "Click to show all stack frames", "Click to hide stack frames")'>Click to show all stack frames</a>
<div class='stack-trace' id='stack-trace511094763'><pre>org.openqa.selenium.TimeoutException: Expected condition failed: waiting for element to be clickable: [[ChromeDriver: chrome on WINDOWS (8c3a29a3f3dcd58327bdb8c75feb8629)] -&gt; xpath: //*[text()=&apos;Co Curricular Achievements&apos;]] (tried for 10 second(s) with 500 milliseconds interval)
Build info: version: &apos;4.3.0&apos;, revision: &apos;a4995e2c09*&apos;
System info: host: &apos;DESKTOP-PM10OF3&apos;, ip: &apos;192.168.1.37&apos;, os.name: &apos;Windows 10&apos;, os.arch: &apos;amd64&apos;, os.version: &apos;10.0&apos;, java.version: &apos;17.0.1&apos;
Driver info: org.openqa.selenium.chrome.ChromeDriver
Capabilities {acceptInsecureCerts: false, browserName: chrome, browserVersion: 104.0.5112.81, chrome: {chromedriverVersion: 104.0.5112.79 (3cf3e8c8a07d..., userDataDir: C:\Users\Acer\AppData\Local...}, goog:chromeOptions: {debuggerAddress: localhost:63537}, networkConnectionEnabled: false, pageLoadStrategy: normal, platformName: WINDOWS, proxy: Proxy(), se:cdp: ws://localhost:63537/devtoo..., se:cdpVersion: 104.0.5112.81, setWindowRect: true, strictFileInteractability: false, timeouts: {implicit: 0, pageLoad: 300000, script: 30000}, unhandledPromptBehavior: dismiss and notify, webauthn:extension:credBlob: true, webauthn:extension:largeBlob: true, webauthn:virtualAuthenticators: true}
Session ID: 8c3a29a3f3dcd58327bdb8c75feb8629
	at org.openqa.selenium.support.ui.WebDriverWait.timeoutException(WebDriverWait.java:87)
	at org.openqa.selenium.support.ui.FluentWait.until(FluentWait.java:231)
	at utilities.Utilities.waitForElementClickable(Utilities.java:25)
	at pagefactory.StudentDashboard.clickcoCurricularAchivDropdown(StudentDashboard.java:28)
	at stepdefinition.UploadCertificateTestClass.click_on_co_curricular_achievement_and_click_on_technical_record_button(UploadCertificateTestClass.java:30)
	at ?.click on co-curricular achievement and click on technical record button(file:///C:/Users/Acer/Downloads/MaplogikCucumberScenarios-master/src/test/java/features/uploadCertificate.feature:7)
</pre></div></td>
<td>11</td>
<td>runner.RunnerClass@68c9133c</td></tr>
</table><p>
</body>
</html>