<?xml version="1.0" encoding="UTF-8"?>
<testng-results ignored="0" total="8" passed="0" failed="8" skipped="0">
  <reporter-output>
  </reporter-output>
  <suite started-at="2022-08-09T14:14:53 IST" name="Default suite" finished-at="2022-08-09T14:16:15 IST" duration-ms="82288">
    <groups>
      <group name="cucumber">
        <method signature="AbstractTestNGCucumberTests.runScenario(io.cucumber.testng.PickleWrapper,io.cucumber.testng.FeatureWrapper)[pri:0, instance:runner.RunnerClass@68c9133c]" name="runScenario" class="io.cucumber.testng.AbstractTestNGCucumberTests"/>
      </group> <!-- cucumber -->
    </groups>
    <test started-at="2022-08-09T14:14:53 IST" name="Default test" finished-at="2022-08-09T14:16:15 IST" duration-ms="82288">
      <class name="runner.RunnerClass">
        <test-method is-config="true" signature="setUpClass(org.testng.ITestContext)[pri:0, instance:runner.RunnerClass@68c9133c]" started-at="2022-08-09T14:14:53 IST" name="setUpClass" finished-at="2022-08-09T14:14:57 IST" duration-ms="4133" status="PASS">
          <params>
            <param index="0">
              <value>
                <![CDATA[org.testng.TestRunner@56c6d515]]>
              </value>
            </param>
          </params>
          <reporter-output>
          </reporter-output>
        </test-method> <!-- setUpClass -->
        <test-method signature="runScenario(io.cucumber.testng.PickleWrapper,io.cucumber.testng.FeatureWrapper)[pri:0, instance:runner.RunnerClass@68c9133c]" started-at="2022-08-09T14:14:57 IST" name="runScenario" description="Runs Cucumber Scenarios" data-provider="scenarios" finished-at="2022-08-09T14:15:12 IST" duration-ms="14901" status="FAIL">
          <params>
            <param index="0">
              <value>
                <![CDATA["login as student with the given id & phone number and upload certificate"]]>
              </value>
            </param>
            <param index="1">
              <value>
                <![CDATA["Login as student and upload three Technical certificates. Login into admin page and aprrove one certificate, decline one certificate."]]>
              </value>
            </param>
          </params>
          <exception class="org.openqa.selenium.TimeoutException">
            <message>
              <![CDATA[Expected condition failed: waiting for element to be clickable: [[ChromeDriver: chrome on WINDOWS (8c3a29a3f3dcd58327bdb8c75feb8629)] -> xpath: //*[text()='Co Curricular Achievements']] (tried for 10 second(s) with 500 milliseconds interval)
Build info: version: '4.3.0', revision: 'a4995e2c09*'
System info: host: 'DESKTOP-PM10OF3', ip: '192.168.1.37', os.name: 'Windows 10', os.arch: 'amd64', os.version: '10.0', java.version: '17.0.1'
Driver info: org.openqa.selenium.chrome.ChromeDriver
Capabilities {acceptInsecureCerts: false, browserName: chrome, browserVersion: 104.0.5112.81, chrome: {chromedriverVersion: 104.0.5112.79 (3cf3e8c8a07d..., userDataDir: C:\Users\Acer\AppData\Local...}, goog:chromeOptions: {debuggerAddress: localhost:63537}, networkConnectionEnabled: false, pageLoadStrategy: normal, platformName: WINDOWS, proxy: Proxy(), se:cdp: ws://localhost:63537/devtoo..., se:cdpVersion: 104.0.5112.81, setWindowRect: true, strictFileInteractability: false, timeouts: {implicit: 0, pageLoad: 300000, script: 30000}, unhandledPromptBehavior: dismiss and notify, webauthn:extension:credBlob: true, webauthn:extension:largeBlob: true, webauthn:virtualAuthenticators: true}
Session ID: 8c3a29a3f3dcd58327bdb8c75feb8629]]>
            </message>
            <full-stacktrace>
              <![CDATA[org.openqa.selenium.TimeoutException: Expected condition failed: waiting for element to be clickable: [[ChromeDriver: chrome on WINDOWS (8c3a29a3f3dcd58327bdb8c75feb8629)] -> xpath: //*[text()='Co Curricular Achievements']] (tried for 10 second(s) with 500 milliseconds interval)
Build info: version: '4.3.0', revision: 'a4995e2c09*'
System info: host: 'DESKTOP-PM10OF3', ip: '192.168.1.37', os.name: 'Windows 10', os.arch: 'amd64', os.version: '10.0', java.version: '17.0.1'
Driver info: org.openqa.selenium.chrome.ChromeDriver
Capabilities {acceptInsecureCerts: false, browserName: chrome, browserVersion: 104.0.5112.81, chrome: {chromedriverVersion: 104.0.5112.79 (3cf3e8c8a07d..., userDataDir: C:\Users\Acer\AppData\Local...}, goog:chromeOptions: {debuggerAddress: localhost:63537}, networkConnectionEnabled: false, pageLoadStrategy: normal, platformName: WINDOWS, proxy: Proxy(), se:cdp: ws://localhost:63537/devtoo..., se:cdpVersion: 104.0.5112.81, setWindowRect: true, strictFileInteractability: false, timeouts: {implicit: 0, pageLoad: 300000, script: 30000}, unhandledPromptBehavior: dismiss and notify, webauthn:extension:credBlob: true, webauthn:extension:largeBlob: true, webauthn:virtualAuthenticators: true}
Session ID: 8c3a29a3f3dcd58327bdb8c75feb8629
at org.openqa.selenium.support.ui.WebDriverWait.timeoutException(WebDriverWait.java:87)
at org.openqa.selenium.support.ui.FluentWait.until(FluentWait.java:231)
at utilities.Utilities.waitForElementClickable(Utilities.java:25)
at pagefactory.StudentDashboard.clickcoCurricularAchivDropdown(StudentDashboard.java:28)
at stepdefinition.UploadCertificateTestClass.click_on_co_curricular_achievement_and_click_on_technical_record_button(UploadCertificateTestClass.java:30)
at ✽.click on co-curricular achievement and click on technical record button(file:///C:/Users/Acer/Downloads/MaplogikCucumberScenarios-master/src/test/java/features/uploadCertificate.feature:7)
]]>
            </full-stacktrace>
          </exception> <!-- org.openqa.selenium.TimeoutException -->
          <reporter-output>
          </reporter-output>
        </test-method> <!-- runScenario -->
        <test-method signature="runScenario(io.cucumber.testng.PickleWrapper,io.cucumber.testng.FeatureWrapper)[pri:0, instance:runner.RunnerClass@68c9133c]" started-at="2022-08-09T14:15:12 IST" name="runScenario" description="Runs Cucumber Scenarios" data-provider="scenarios" finished-at="2022-08-09T14:15:24 IST" duration-ms="11857" status="FAIL">
          <params>
            <param index="0">
              <value>
                <![CDATA["login as student with the given id & phone number and upload certificate"]]>
              </value>
            </param>
            <param index="1">
              <value>
                <![CDATA["Login as student and upload three Technical certificates. Login into admin page and aprrove one certificate, decline one certificate."]]>
              </value>
            </param>
          </params>
          <exception class="org.openqa.selenium.TimeoutException">
            <message>
              <![CDATA[Expected condition failed: waiting for element to be clickable: [[ChromeDriver: chrome on WINDOWS (8c3a29a3f3dcd58327bdb8c75feb8629)] -> xpath: //*[text()='Co Curricular Achievements']] (tried for 10 second(s) with 500 milliseconds interval)
Build info: version: '4.3.0', revision: 'a4995e2c09*'
System info: host: 'DESKTOP-PM10OF3', ip: '192.168.1.37', os.name: 'Windows 10', os.arch: 'amd64', os.version: '10.0', java.version: '17.0.1'
Driver info: org.openqa.selenium.chrome.ChromeDriver
Capabilities {acceptInsecureCerts: false, browserName: chrome, browserVersion: 104.0.5112.81, chrome: {chromedriverVersion: 104.0.5112.79 (3cf3e8c8a07d..., userDataDir: C:\Users\Acer\AppData\Local...}, goog:chromeOptions: {debuggerAddress: localhost:63537}, networkConnectionEnabled: false, pageLoadStrategy: normal, platformName: WINDOWS, proxy: Proxy(), se:cdp: ws://localhost:63537/devtoo..., se:cdpVersion: 104.0.5112.81, setWindowRect: true, strictFileInteractability: false, timeouts: {implicit: 0, pageLoad: 300000, script: 30000}, unhandledPromptBehavior: dismiss and notify, webauthn:extension:credBlob: true, webauthn:extension:largeBlob: true, webauthn:virtualAuthenticators: true}
Session ID: 8c3a29a3f3dcd58327bdb8c75feb8629]]>
            </message>
            <full-stacktrace>
              <![CDATA[org.openqa.selenium.TimeoutException: Expected condition failed: waiting for element to be clickable: [[ChromeDriver: chrome on WINDOWS (8c3a29a3f3dcd58327bdb8c75feb8629)] -> xpath: //*[text()='Co Curricular Achievements']] (tried for 10 second(s) with 500 milliseconds interval)
Build info: version: '4.3.0', revision: 'a4995e2c09*'
System info: host: 'DESKTOP-PM10OF3', ip: '192.168.1.37', os.name: 'Windows 10', os.arch: 'amd64', os.version: '10.0', java.version: '17.0.1'
Driver info: org.openqa.selenium.chrome.ChromeDriver
Capabilities {acceptInsecureCerts: false, browserName: chrome, browserVersion: 104.0.5112.81, chrome: {chromedriverVersion: 104.0.5112.79 (3cf3e8c8a07d..., userDataDir: C:\Users\Acer\AppData\Local...}, goog:chromeOptions: {debuggerAddress: localhost:63537}, networkConnectionEnabled: false, pageLoadStrategy: normal, platformName: WINDOWS, proxy: Proxy(), se:cdp: ws://localhost:63537/devtoo..., se:cdpVersion: 104.0.5112.81, setWindowRect: true, strictFileInteractability: false, timeouts: {implicit: 0, pageLoad: 300000, script: 30000}, unhandledPromptBehavior: dismiss and notify, webauthn:extension:credBlob: true, webauthn:extension:largeBlob: true, webauthn:virtualAuthenticators: true}
Session ID: 8c3a29a3f3dcd58327bdb8c75feb8629
at org.openqa.selenium.support.ui.WebDriverWait.timeoutException(WebDriverWait.java:87)
at org.openqa.selenium.support.ui.FluentWait.until(FluentWait.java:231)
at utilities.Utilities.waitForElementClickable(Utilities.java:25)
at pagefactory.StudentDashboard.clickcoCurricularAchivDropdown(StudentDashboard.java:28)
at stepdefinition.UploadCertificateTestClass.click_on_co_curricular_achievement_and_click_on_technical_record_button(UploadCertificateTestClass.java:30)
at ✽.click on co-curricular achievement and click on technical record button(file:///C:/Users/Acer/Downloads/MaplogikCucumberScenarios-master/src/test/java/features/uploadCertificate.feature:7)
]]>
            </full-stacktrace>
          </exception> <!-- org.openqa.selenium.TimeoutException -->
          <reporter-output>
          </reporter-output>
        </test-method> <!-- runScenario -->
        <test-method signature="runScenario(io.cucumber.testng.PickleWrapper,io.cucumber.testng.FeatureWrapper)[pri:0, instance:runner.RunnerClass@68c9133c]" started-at="2022-08-09T14:15:24 IST" name="runScenario" description="Runs Cucumber Scenarios" data-provider="scenarios" finished-at="2022-08-09T14:15:36 IST" duration-ms="12020" status="FAIL">
          <params>
            <param index="0">
              <value>
                <![CDATA["login as student with the given id & phone number and upload certificate"]]>
              </value>
            </param>
            <param index="1">
              <value>
                <![CDATA["Login as student and upload three Technical certificates. Login into admin page and aprrove one certificate, decline one certificate."]]>
              </value>
            </param>
          </params>
          <exception class="org.openqa.selenium.TimeoutException">
            <message>
              <![CDATA[Expected condition failed: waiting for element to be clickable: [[ChromeDriver: chrome on WINDOWS (8c3a29a3f3dcd58327bdb8c75feb8629)] -> xpath: //*[text()='Co Curricular Achievements']] (tried for 10 second(s) with 500 milliseconds interval)
Build info: version: '4.3.0', revision: 'a4995e2c09*'
System info: host: 'DESKTOP-PM10OF3', ip: '192.168.1.37', os.name: 'Windows 10', os.arch: 'amd64', os.version: '10.0', java.version: '17.0.1'
Driver info: org.openqa.selenium.chrome.ChromeDriver
Capabilities {acceptInsecureCerts: false, browserName: chrome, browserVersion: 104.0.5112.81, chrome: {chromedriverVersion: 104.0.5112.79 (3cf3e8c8a07d..., userDataDir: C:\Users\Acer\AppData\Local...}, goog:chromeOptions: {debuggerAddress: localhost:63537}, networkConnectionEnabled: false, pageLoadStrategy: normal, platformName: WINDOWS, proxy: Proxy(), se:cdp: ws://localhost:63537/devtoo..., se:cdpVersion: 104.0.5112.81, setWindowRect: true, strictFileInteractability: false, timeouts: {implicit: 0, pageLoad: 300000, script: 30000}, unhandledPromptBehavior: dismiss and notify, webauthn:extension:credBlob: true, webauthn:extension:largeBlob: true, webauthn:virtualAuthenticators: true}
Session ID: 8c3a29a3f3dcd58327bdb8c75feb8629]]>
            </message>
            <full-stacktrace>
              <![CDATA[org.openqa.selenium.TimeoutException: Expected condition failed: waiting for element to be clickable: [[ChromeDriver: chrome on WINDOWS (8c3a29a3f3dcd58327bdb8c75feb8629)] -> xpath: //*[text()='Co Curricular Achievements']] (tried for 10 second(s) with 500 milliseconds interval)
Build info: version: '4.3.0', revision: 'a4995e2c09*'
System info: host: 'DESKTOP-PM10OF3', ip: '192.168.1.37', os.name: 'Windows 10', os.arch: 'amd64', os.version: '10.0', java.version: '17.0.1'
Driver info: org.openqa.selenium.chrome.ChromeDriver
Capabilities {acceptInsecureCerts: false, browserName: chrome, browserVersion: 104.0.5112.81, chrome: {chromedriverVersion: 104.0.5112.79 (3cf3e8c8a07d..., userDataDir: C:\Users\Acer\AppData\Local...}, goog:chromeOptions: {debuggerAddress: localhost:63537}, networkConnectionEnabled: false, pageLoadStrategy: normal, platformName: WINDOWS, proxy: Proxy(), se:cdp: ws://localhost:63537/devtoo..., se:cdpVersion: 104.0.5112.81, setWindowRect: true, strictFileInteractability: false, timeouts: {implicit: 0, pageLoad: 300000, script: 30000}, unhandledPromptBehavior: dismiss and notify, webauthn:extension:credBlob: true, webauthn:extension:largeBlob: true, webauthn:virtualAuthenticators: true}
Session ID: 8c3a29a3f3dcd58327bdb8c75feb8629
at org.openqa.selenium.support.ui.WebDriverWait.timeoutException(WebDriverWait.java:87)
at org.openqa.selenium.support.ui.FluentWait.until(FluentWait.java:231)
at utilities.Utilities.waitForElementClickable(Utilities.java:25)
at pagefactory.StudentDashboard.clickcoCurricularAchivDropdown(StudentDashboard.java:28)
at stepdefinition.UploadCertificateTestClass.click_on_co_curricular_achievement_and_click_on_technical_record_button(UploadCertificateTestClass.java:30)
at ✽.click on co-curricular achievement and click on technical record button(file:///C:/Users/Acer/Downloads/MaplogikCucumberScenarios-master/src/test/java/features/uploadCertificate.feature:7)
]]>
            </full-stacktrace>
          </exception> <!-- org.openqa.selenium.TimeoutException -->
          <reporter-output>
          </reporter-output>
        </test-method> <!-- runScenario -->
        <test-method signature="runScenario(io.cucumber.testng.PickleWrapper,io.cucumber.testng.FeatureWrapper)[pri:0, instance:runner.RunnerClass@68c9133c]" started-at="2022-08-09T14:15:36 IST" name="runScenario" description="Runs Cucumber Scenarios" data-provider="scenarios" finished-at="2022-08-09T14:15:51 IST" duration-ms="15261" status="FAIL">
          <params>
            <param index="0">
              <value>
                <![CDATA["login as admin and approve the technical record"]]>
              </value>
            </param>
            <param index="1">
              <value>
                <![CDATA["Login as student and upload three Technical certificates. Login into admin page and aprrove one certificate, decline one certificate."]]>
              </value>
            </param>
          </params>
          <exception class="java.lang.Exception">
            <message>
              <![CDATA[The Project Participation Maplogik is not uploaded or not present in the list]]>
            </message>
            <full-stacktrace>
              <![CDATA[java.lang.Exception: The Project Participation Maplogik is not uploaded or not present in the list
at pagefactory.AdminTechnicalRecordApproval.approveTechnicalRecord(AdminTechnicalRecordApproval.java:80)
at stepdefinition.ApproveAndVerifyCertificate.find_the_particular_certificate_and_click_approve_button(ApproveAndVerifyCertificate.java:55)
at ✽.find the particular certificate and click approve button(file:///C:/Users/Acer/Downloads/MaplogikCucumberScenarios-master/src/test/java/features/uploadCertificate.feature:22)
]]>
            </full-stacktrace>
          </exception> <!-- java.lang.Exception -->
          <reporter-output>
          </reporter-output>
        </test-method> <!-- runScenario -->
        <test-method signature="runScenario(io.cucumber.testng.PickleWrapper,io.cucumber.testng.FeatureWrapper)[pri:0, instance:runner.RunnerClass@68c9133c]" started-at="2022-08-09T14:15:51 IST" name="runScenario" description="Runs Cucumber Scenarios" data-provider="scenarios" finished-at="2022-08-09T14:16:05 IST" duration-ms="13814" status="FAIL">
          <params>
            <param index="0">
              <value>
                <![CDATA["login as admin and decline the technical record"]]>
              </value>
            </param>
            <param index="1">
              <value>
                <![CDATA["Login as student and upload three Technical certificates. Login into admin page and aprrove one certificate, decline one certificate."]]>
              </value>
            </param>
          </params>
          <exception class="java.lang.Exception">
            <message>
              <![CDATA[The Project Participation Tradeviv is not uploaded or not present in the list]]>
            </message>
            <full-stacktrace>
              <![CDATA[java.lang.Exception: The Project Participation Tradeviv is not uploaded or not present in the list
at pagefactory.AdminTechnicalRecordApproval.declineTechnicalRecord(AdminTechnicalRecordApproval.java:92)
at stepdefinition.ApproveAndVerifyCertificate.find_the_particular_certificate_and_click_decline_button(ApproveAndVerifyCertificate.java:66)
at ✽.find the particular certificate and click decline button(file:///C:/Users/Acer/Downloads/MaplogikCucumberScenarios-master/src/test/java/features/uploadCertificate.feature:30)
]]>
            </full-stacktrace>
          </exception> <!-- java.lang.Exception -->
          <reporter-output>
          </reporter-output>
        </test-method> <!-- runScenario -->
        <test-method signature="runScenario(io.cucumber.testng.PickleWrapper,io.cucumber.testng.FeatureWrapper)[pri:0, instance:runner.RunnerClass@68c9133c]" started-at="2022-08-09T14:16:05 IST" name="runScenario" description="Runs Cucumber Scenarios" data-provider="scenarios" finished-at="2022-08-09T14:16:08 IST" duration-ms="3543" status="FAIL">
          <params>
            <param index="0">
              <value>
                <![CDATA["login as admin and verify the pending technical record"]]>
              </value>
            </param>
            <param index="1">
              <value>
                <![CDATA["Login as student and upload three Technical certificates. Login into admin page and aprrove one certificate, decline one certificate."]]>
              </value>
            </param>
          </params>
          <exception class="java.lang.AssertionError">
            <message>
              <![CDATA[expected [3VITSC0701] but found [null]]]>
            </message>
            <full-stacktrace>
              <![CDATA[java.lang.AssertionError: expected [3VITSC0701] but found [null]
at org.testng.Assert.fail(Assert.java:110)
at org.testng.Assert.failNotEquals(Assert.java:1413)
at org.testng.Assert.assertEqualsImpl(Assert.java:149)
at org.testng.Assert.assertEquals(Assert.java:131)
at org.testng.Assert.assertEquals(Assert.java:655)
at org.testng.Assert.assertEquals(Assert.java:665)
at stepdefinition.ApproveAndVerifyCertificate.verify_whether_the_particular_certificate_is_present(ApproveAndVerifyCertificate.java:76)
at ✽.verify whether the particular certificate is present(file:///C:/Users/Acer/Downloads/MaplogikCucumberScenarios-master/src/test/java/features/uploadCertificate.feature:38)
]]>
            </full-stacktrace>
          </exception> <!-- java.lang.AssertionError -->
          <reporter-output>
          </reporter-output>
        </test-method> <!-- runScenario -->
        <test-method signature="runScenario(io.cucumber.testng.PickleWrapper,io.cucumber.testng.FeatureWrapper)[pri:0, instance:runner.RunnerClass@68c9133c]" started-at="2022-08-09T14:16:08 IST" name="runScenario" description="Runs Cucumber Scenarios" data-provider="scenarios" finished-at="2022-08-09T14:16:12 IST" duration-ms="3224" status="FAIL">
          <params>
            <param index="0">
              <value>
                <![CDATA["login as admin and verify the approved technical record"]]>
              </value>
            </param>
            <param index="1">
              <value>
                <![CDATA["Login as student and upload three Technical certificates. Login into admin page and aprrove one certificate, decline one certificate."]]>
              </value>
            </param>
          </params>
          <exception class="java.lang.AssertionError">
            <message>
              <![CDATA[expected [3VITSC0701] but found [null]]]>
            </message>
            <full-stacktrace>
              <![CDATA[java.lang.AssertionError: expected [3VITSC0701] but found [null]
at org.testng.Assert.fail(Assert.java:110)
at org.testng.Assert.failNotEquals(Assert.java:1413)
at org.testng.Assert.assertEqualsImpl(Assert.java:149)
at org.testng.Assert.assertEquals(Assert.java:131)
at org.testng.Assert.assertEquals(Assert.java:655)
at org.testng.Assert.assertEquals(Assert.java:665)
at stepdefinition.ApproveAndVerifyCertificate.verify_whether_the_particular_certificate_is_present(ApproveAndVerifyCertificate.java:76)
at ✽.verify whether the particular certificate is present(file:///C:/Users/Acer/Downloads/MaplogikCucumberScenarios-master/src/test/java/features/uploadCertificate.feature:46)
]]>
            </full-stacktrace>
          </exception> <!-- java.lang.AssertionError -->
          <reporter-output>
          </reporter-output>
        </test-method> <!-- runScenario -->
        <test-method signature="runScenario(io.cucumber.testng.PickleWrapper,io.cucumber.testng.FeatureWrapper)[pri:0, instance:runner.RunnerClass@68c9133c]" started-at="2022-08-09T14:16:12 IST" name="runScenario" description="Runs Cucumber Scenarios" data-provider="scenarios" finished-at="2022-08-09T14:16:15 IST" duration-ms="3207" status="FAIL">
          <params>
            <param index="0">
              <value>
                <![CDATA["login as admin and verify the declined technical record"]]>
              </value>
            </param>
            <param index="1">
              <value>
                <![CDATA["Login as student and upload three Technical certificates. Login into admin page and aprrove one certificate, decline one certificate."]]>
              </value>
            </param>
          </params>
          <exception class="java.lang.AssertionError">
            <message>
              <![CDATA[expected [3VITSC0701] but found [null]]]>
            </message>
            <full-stacktrace>
              <![CDATA[java.lang.AssertionError: expected [3VITSC0701] but found [null]
at org.testng.Assert.fail(Assert.java:110)
at org.testng.Assert.failNotEquals(Assert.java:1413)
at org.testng.Assert.assertEqualsImpl(Assert.java:149)
at org.testng.Assert.assertEquals(Assert.java:131)
at org.testng.Assert.assertEquals(Assert.java:655)
at org.testng.Assert.assertEquals(Assert.java:665)
at stepdefinition.ApproveAndVerifyCertificate.verify_whether_the_particular_certificate_is_present(ApproveAndVerifyCertificate.java:76)
at ✽.verify whether the particular certificate is present(file:///C:/Users/Acer/Downloads/MaplogikCucumberScenarios-master/src/test/java/features/uploadCertificate.feature:54)
]]>
            </full-stacktrace>
          </exception> <!-- java.lang.AssertionError -->
          <reporter-output>
          </reporter-output>
        </test-method> <!-- runScenario -->
        <test-method is-config="true" signature="tearDownClass()[pri:0, instance:runner.RunnerClass@68c9133c]" started-at="2022-08-09T14:16:15 IST" name="tearDownClass" finished-at="2022-08-09T14:16:15 IST" duration-ms="257" status="PASS">
          <reporter-output>
          </reporter-output>
        </test-method> <!-- tearDownClass -->
      </class> <!-- runner.RunnerClass -->
    </test> <!-- Default test -->
  </suite> <!-- Default suite -->
</testng-results>
