<?xml version="1.0" encoding="UTF-8"?>
<!-- Generated by org.testng.reporters.JUnitReportReporter -->
<testsuite hostname="DESKTOP-PM10OF3" failures="3" tests="8" name="runner.RunnerClass" time="77.827" errors="5" timestamp="2022-08-09T14:16:15 IST" skipped="0">
  <testcase classname="runner.RunnerClass" name="runScenario" time="3.207">
    <failure message="expected [3VITSC0701] but found [null]" type="java.lang.AssertionError">
      <![CDATA[java.lang.AssertionError: expected [3VITSC0701] but found [null]
at org.testng.Assert.fail(Assert.java:110)
at org.testng.Assert.failNotEquals(Assert.java:1413)
at org.testng.Assert.assertEqualsImpl(Assert.java:149)
at org.testng.Assert.assertEquals(Assert.java:131)
at org.testng.Assert.assertEquals(Assert.java:655)
at org.testng.Assert.assertEquals(Assert.java:665)
at stepdefinition.ApproveAndVerifyCertificate.verify_whether_the_particular_certificate_is_present(ApproveAndVerifyCertificate.java:76)
at ✽.verify whether the particular certificate is present(file:///C:/Users/Acer/Downloads/MaplogikCucumberScenarios-master/src/test/java/features/uploadCertificate.feature:54)
]]>
    </failure>
  </testcase> <!-- runScenario -->
  <system-out/>
  <testcase classname="runner.RunnerClass" name="runScenario" time="13.814">
    <error message="The Project Participation Tradeviv is not uploaded or not present in the list" type="java.lang.Exception">
      <![CDATA[java.lang.Exception: The Project Participation Tradeviv is not uploaded or not present in the list
at pagefactory.AdminTechnicalRecordApproval.declineTechnicalRecord(AdminTechnicalRecordApproval.java:92)
at stepdefinition.ApproveAndVerifyCertificate.find_the_particular_certificate_and_click_decline_button(ApproveAndVerifyCertificate.java:66)
at ✽.find the particular certificate and click decline button(file:///C:/Users/Acer/Downloads/MaplogikCucumberScenarios-master/src/test/java/features/uploadCertificate.feature:30)
]]>
    </error>
  </testcase> <!-- runScenario -->
  <system-out/>
  <testcase classname="runner.RunnerClass" name="runScenario" time="14.901">
    <error message="Expected condition failed: waiting for element to be clickable: [[ChromeDriver: chrome on WINDOWS (8c3a29a3f3dcd58327bdb8c75feb8629)] -&gt; xpath: //*[text()=&#039;Co Curricular Achievements&#039;]] (tried for 10 second(s) with 500 milliseconds interval)
Build info: version: &#039;4.3.0&#039;, revision: &#039;a4995e2c09*&#039;
System info: host: &#039;DESKTOP-PM10OF3&#039;, ip: &#039;192.168.1.37&#039;, os.name: &#039;Windows 10&#039;, os.arch: &#039;amd64&#039;, os.version: &#039;10.0&#039;, java.version: &#039;17.0.1&#039;
Driver info: org.openqa.selenium.chrome.ChromeDriver
Capabilities {acceptInsecureCerts: false, browserName: chrome, browserVersion: 104.0.5112.81, chrome: {chromedriverVersion: 104.0.5112.79 (3cf3e8c8a07d..., userDataDir: C:\Users\Acer\AppData\Local...}, goog:chromeOptions: {debuggerAddress: localhost:63537}, networkConnectionEnabled: false, pageLoadStrategy: normal, platformName: WINDOWS, proxy: Proxy(), se:cdp: ws://localhost:63537/devtoo..., se:cdpVersion: 104.0.5112.81, setWindowRect: true, strictFileInteractability: false, timeouts: {implicit: 0, pageLoad: 300000, script: 30000}, unhandledPromptBehavior: dismiss and notify, webauthn:extension:credBlob: true, webauthn:extension:largeBlob: true, webauthn:virtualAuthenticators: true}
Session ID: 8c3a29a3f3dcd58327bdb8c75feb8629" type="org.openqa.selenium.TimeoutException">
      <![CDATA[org.openqa.selenium.TimeoutException: Expected condition failed: waiting for element to be clickable: [[ChromeDriver: chrome on WINDOWS (8c3a29a3f3dcd58327bdb8c75feb8629)] -> xpath: //*[text()='Co Curricular Achievements']] (tried for 10 second(s) with 500 milliseconds interval)
Build info: version: '4.3.0', revision: 'a4995e2c09*'
System info: host: 'DESKTOP-PM10OF3', ip: '192.168.1.37', os.name: 'Windows 10', os.arch: 'amd64', os.version: '10.0', java.version: '17.0.1'
Driver info: org.openqa.selenium.chrome.ChromeDriver
Capabilities {acceptInsecureCerts: false, browserName: chrome, browserVersion: 104.0.5112.81, chrome: {chromedriverVersion: 104.0.5112.79 (3cf3e8c8a07d..., userDataDir: C:\Users\Acer\AppData\Local...}, goog:chromeOptions: {debuggerAddress: localhost:63537}, networkConnectionEnabled: false, pageLoadStrategy: normal, platformName: WINDOWS, proxy: Proxy(), se:cdp: ws://localhost:63537/devtoo..., se:cdpVersion: 104.0.5112.81, setWindowRect: true, strictFileInteractability: false, timeouts: {implicit: 0, pageLoad: 300000, script: 30000}, unhandledPromptBehavior: dismiss and notify, webauthn:extension:credBlob: true, webauthn:extension:largeBlob: true, webauthn:virtualAuthenticators: true}
Session ID: 8c3a29a3f3dcd58327bdb8c75feb8629
at org.openqa.selenium.support.ui.WebDriverWait.timeoutException(WebDriverWait.java:87)
at org.openqa.selenium.support.ui.FluentWait.until(FluentWait.java:231)
at utilities.Utilities.waitForElementClickable(Utilities.java:25)
at pagefactory.StudentDashboard.clickcoCurricularAchivDropdown(StudentDashboard.java:28)
at stepdefinition.UploadCertificateTestClass.click_on_co_curricular_achievement_and_click_on_technical_record_button(UploadCertificateTestClass.java:30)
at ✽.click on co-curricular achievement and click on technical record button(file:///C:/Users/Acer/Downloads/MaplogikCucumberScenarios-master/src/test/java/features/uploadCertificate.feature:7)
]]>
    </error>
  </testcase> <!-- runScenario -->
  <system-out/>
  <testcase classname="runner.RunnerClass" name="runScenario" time="15.261">
    <error message="The Project Participation Maplogik is not uploaded or not present in the list" type="java.lang.Exception">
      <![CDATA[java.lang.Exception: The Project Participation Maplogik is not uploaded or not present in the list
at pagefactory.AdminTechnicalRecordApproval.approveTechnicalRecord(AdminTechnicalRecordApproval.java:80)
at stepdefinition.ApproveAndVerifyCertificate.find_the_particular_certificate_and_click_approve_button(ApproveAndVerifyCertificate.java:55)
at ✽.find the particular certificate and click approve button(file:///C:/Users/Acer/Downloads/MaplogikCucumberScenarios-master/src/test/java/features/uploadCertificate.feature:22)
]]>
    </error>
  </testcase> <!-- runScenario -->
  <system-out/>
  <testcase classname="runner.RunnerClass" name="runScenario" time="3.543">
    <failure message="expected [3VITSC0701] but found [null]" type="java.lang.AssertionError">
      <![CDATA[java.lang.AssertionError: expected [3VITSC0701] but found [null]
at org.testng.Assert.fail(Assert.java:110)
at org.testng.Assert.failNotEquals(Assert.java:1413)
at org.testng.Assert.assertEqualsImpl(Assert.java:149)
at org.testng.Assert.assertEquals(Assert.java:131)
at org.testng.Assert.assertEquals(Assert.java:655)
at org.testng.Assert.assertEquals(Assert.java:665)
at stepdefinition.ApproveAndVerifyCertificate.verify_whether_the_particular_certificate_is_present(ApproveAndVerifyCertificate.java:76)
at ✽.verify whether the particular certificate is present(file:///C:/Users/Acer/Downloads/MaplogikCucumberScenarios-master/src/test/java/features/uploadCertificate.feature:38)
]]>
    </failure>
  </testcase> <!-- runScenario -->
  <system-out/>
  <testcase classname="runner.RunnerClass" name="runScenario" time="3.224">
    <failure message="expected [3VITSC0701] but found [null]" type="java.lang.AssertionError">
      <![CDATA[java.lang.AssertionError: expected [3VITSC0701] but found [null]
at org.testng.Assert.fail(Assert.java:110)
at org.testng.Assert.failNotEquals(Assert.java:1413)
at org.testng.Assert.assertEqualsImpl(Assert.java:149)
at org.testng.Assert.assertEquals(Assert.java:131)
at org.testng.Assert.assertEquals(Assert.java:655)
at org.testng.Assert.assertEquals(Assert.java:665)
at stepdefinition.ApproveAndVerifyCertificate.verify_whether_the_particular_certificate_is_present(ApproveAndVerifyCertificate.java:76)
at ✽.verify whether the particular certificate is present(file:///C:/Users/Acer/Downloads/MaplogikCucumberScenarios-master/src/test/java/features/uploadCertificate.feature:46)
]]>
    </failure>
  </testcase> <!-- runScenario -->
  <system-out/>
  <testcase classname="runner.RunnerClass" name="runScenario" time="12.020">
    <error message="Expected condition failed: waiting for element to be clickable: [[ChromeDriver: chrome on WINDOWS (8c3a29a3f3dcd58327bdb8c75feb8629)] -&gt; xpath: //*[text()=&#039;Co Curricular Achievements&#039;]] (tried for 10 second(s) with 500 milliseconds interval)
Build info: version: &#039;4.3.0&#039;, revision: &#039;a4995e2c09*&#039;
System info: host: &#039;DESKTOP-PM10OF3&#039;, ip: &#039;192.168.1.37&#039;, os.name: &#039;Windows 10&#039;, os.arch: &#039;amd64&#039;, os.version: &#039;10.0&#039;, java.version: &#039;17.0.1&#039;
Driver info: org.openqa.selenium.chrome.ChromeDriver
Capabilities {acceptInsecureCerts: false, browserName: chrome, browserVersion: 104.0.5112.81, chrome: {chromedriverVersion: 104.0.5112.79 (3cf3e8c8a07d..., userDataDir: C:\Users\Acer\AppData\Local...}, goog:chromeOptions: {debuggerAddress: localhost:63537}, networkConnectionEnabled: false, pageLoadStrategy: normal, platformName: WINDOWS, proxy: Proxy(), se:cdp: ws://localhost:63537/devtoo..., se:cdpVersion: 104.0.5112.81, setWindowRect: true, strictFileInteractability: false, timeouts: {implicit: 0, pageLoad: 300000, script: 30000}, unhandledPromptBehavior: dismiss and notify, webauthn:extension:credBlob: true, webauthn:extension:largeBlob: true, webauthn:virtualAuthenticators: true}
Session ID: 8c3a29a3f3dcd58327bdb8c75feb8629" type="org.openqa.selenium.TimeoutException">
      <![CDATA[org.openqa.selenium.TimeoutException: Expected condition failed: waiting for element to be clickable: [[ChromeDriver: chrome on WINDOWS (8c3a29a3f3dcd58327bdb8c75feb8629)] -> xpath: //*[text()='Co Curricular Achievements']] (tried for 10 second(s) with 500 milliseconds interval)
Build info: version: '4.3.0', revision: 'a4995e2c09*'
System info: host: 'DESKTOP-PM10OF3', ip: '192.168.1.37', os.name: 'Windows 10', os.arch: 'amd64', os.version: '10.0', java.version: '17.0.1'
Driver info: org.openqa.selenium.chrome.ChromeDriver
Capabilities {acceptInsecureCerts: false, browserName: chrome, browserVersion: 104.0.5112.81, chrome: {chromedriverVersion: 104.0.5112.79 (3cf3e8c8a07d..., userDataDir: C:\Users\Acer\AppData\Local...}, goog:chromeOptions: {debuggerAddress: localhost:63537}, networkConnectionEnabled: false, pageLoadStrategy: normal, platformName: WINDOWS, proxy: Proxy(), se:cdp: ws://localhost:63537/devtoo..., se:cdpVersion: 104.0.5112.81, setWindowRect: true, strictFileInteractability: false, timeouts: {implicit: 0, pageLoad: 300000, script: 30000}, unhandledPromptBehavior: dismiss and notify, webauthn:extension:credBlob: true, webauthn:extension:largeBlob: true, webauthn:virtualAuthenticators: true}
Session ID: 8c3a29a3f3dcd58327bdb8c75feb8629
at org.openqa.selenium.support.ui.WebDriverWait.timeoutException(WebDriverWait.java:87)
at org.openqa.selenium.support.ui.FluentWait.until(FluentWait.java:231)
at utilities.Utilities.waitForElementClickable(Utilities.java:25)
at pagefactory.StudentDashboard.clickcoCurricularAchivDropdown(StudentDashboard.java:28)
at stepdefinition.UploadCertificateTestClass.click_on_co_curricular_achievement_and_click_on_technical_record_button(UploadCertificateTestClass.java:30)
at ✽.click on co-curricular achievement and click on technical record button(file:///C:/Users/Acer/Downloads/MaplogikCucumberScenarios-master/src/test/java/features/uploadCertificate.feature:7)
]]>
    </error>
  </testcase> <!-- runScenario -->
  <system-out/>
  <testcase classname="runner.RunnerClass" name="runScenario" time="11.857">
    <error message="Expected condition failed: waiting for element to be clickable: [[ChromeDriver: chrome on WINDOWS (8c3a29a3f3dcd58327bdb8c75feb8629)] -&gt; xpath: //*[text()=&#039;Co Curricular Achievements&#039;]] (tried for 10 second(s) with 500 milliseconds interval)
Build info: version: &#039;4.3.0&#039;, revision: &#039;a4995e2c09*&#039;
System info: host: &#039;DESKTOP-PM10OF3&#039;, ip: &#039;192.168.1.37&#039;, os.name: &#039;Windows 10&#039;, os.arch: &#039;amd64&#039;, os.version: &#039;10.0&#039;, java.version: &#039;17.0.1&#039;
Driver info: org.openqa.selenium.chrome.ChromeDriver
Capabilities {acceptInsecureCerts: false, browserName: chrome, browserVersion: 104.0.5112.81, chrome: {chromedriverVersion: 104.0.5112.79 (3cf3e8c8a07d..., userDataDir: C:\Users\Acer\AppData\Local...}, goog:chromeOptions: {debuggerAddress: localhost:63537}, networkConnectionEnabled: false, pageLoadStrategy: normal, platformName: WINDOWS, proxy: Proxy(), se:cdp: ws://localhost:63537/devtoo..., se:cdpVersion: 104.0.5112.81, setWindowRect: true, strictFileInteractability: false, timeouts: {implicit: 0, pageLoad: 300000, script: 30000}, unhandledPromptBehavior: dismiss and notify, webauthn:extension:credBlob: true, webauthn:extension:largeBlob: true, webauthn:virtualAuthenticators: true}
Session ID: 8c3a29a3f3dcd58327bdb8c75feb8629" type="org.openqa.selenium.TimeoutException">
      <![CDATA[org.openqa.selenium.TimeoutException: Expected condition failed: waiting for element to be clickable: [[ChromeDriver: chrome on WINDOWS (8c3a29a3f3dcd58327bdb8c75feb8629)] -> xpath: //*[text()='Co Curricular Achievements']] (tried for 10 second(s) with 500 milliseconds interval)
Build info: version: '4.3.0', revision: 'a4995e2c09*'
System info: host: 'DESKTOP-PM10OF3', ip: '192.168.1.37', os.name: 'Windows 10', os.arch: 'amd64', os.version: '10.0', java.version: '17.0.1'
Driver info: org.openqa.selenium.chrome.ChromeDriver
Capabilities {acceptInsecureCerts: false, browserName: chrome, browserVersion: 104.0.5112.81, chrome: {chromedriverVersion: 104.0.5112.79 (3cf3e8c8a07d..., userDataDir: C:\Users\Acer\AppData\Local...}, goog:chromeOptions: {debuggerAddress: localhost:63537}, networkConnectionEnabled: false, pageLoadStrategy: normal, platformName: WINDOWS, proxy: Proxy(), se:cdp: ws://localhost:63537/devtoo..., se:cdpVersion: 104.0.5112.81, setWindowRect: true, strictFileInteractability: false, timeouts: {implicit: 0, pageLoad: 300000, script: 30000}, unhandledPromptBehavior: dismiss and notify, webauthn:extension:credBlob: true, webauthn:extension:largeBlob: true, webauthn:virtualAuthenticators: true}
Session ID: 8c3a29a3f3dcd58327bdb8c75feb8629
at org.openqa.selenium.support.ui.WebDriverWait.timeoutException(WebDriverWait.java:87)
at org.openqa.selenium.support.ui.FluentWait.until(FluentWait.java:231)
at utilities.Utilities.waitForElementClickable(Utilities.java:25)
at pagefactory.StudentDashboard.clickcoCurricularAchivDropdown(StudentDashboard.java:28)
at stepdefinition.UploadCertificateTestClass.click_on_co_curricular_achievement_and_click_on_technical_record_button(UploadCertificateTestClass.java:30)
at ✽.click on co-curricular achievement and click on technical record button(file:///C:/Users/Acer/Downloads/MaplogikCucumberScenarios-master/src/test/java/features/uploadCertificate.feature:7)
]]>
    </error>
  </testcase> <!-- runScenario -->
  <system-out/>
</testsuite> <!-- runner.RunnerClass -->
